runmode
	reference	3 29.6033091 -0.6664364 29.603309 -0.666436
	image	1 multfile.in
	inverse	3 0.100000 2000
	end
image
	multfile	1 multfile.in
	forme		-1
	sigposArcsec		0.200000
	end
grille
	nombre		30
	polaire		0
	nlentille	1
	nlens_opt	1
	end
potentiel
0
	profil		1
	x_centre	0.377771
	y_centre	0.019785
	ellipticite	0.912914
	angle_pos	-6.856241
	v_disp		431.225126
	z_lens		0.530000
	end
limit
0
	x_centre	3 0.271633 0.271633 0.010000
	y_centre	3 0.013470 0.013470 0.001000
	ellipticite	3 0.888355 0.888355 0.000000
	angle_pos	3 0.027434 0.027434 0.001745
	v_disp		3 431.331608 0.905277 1.000000
	end
cline
	nplan		1 1.000000 
	dmax		13.500000
	algorithm		MARCHINGSQUARES
	limitHigh		1.000000
	limitLow		0.100000
	end
grande
	iso	0 0 1.000000 0.000000 0.000000
	name	best
	profil	0 0
	contour	0 0
	large_dist	2.000000
	end
cosmologie
	model	1
	H0	70.000000
	omegaM	0.300000
	omegaX	0.700000
	omegaK	0.000000
	wX	-1.000000
	wa	0.000000
	kcourb	0.000000
	end
cosmolimit
	omegaM	0 0.000000 0.000000
	omegaX	0 0.000000 0.000000
	wX	0 0.000000 0.000000
	wa	0 0.000000 0.000000
	end
champ
	xmin	-20.000000
	xmax	20.000000
	ymin	-20.000000
	ymax	20.000000
	end
fini
For z_s = 0.8000  DLS/DS:0.2876
DLS:0.1040(lt) 445.41(Mpc) DOS:0.3616(lt) 1548.71(Mpc)
DOL:0.3031(lt) 1298.00(Mpc) DOL_lum:0.7095(lt) 3038.49(Mpc)
Mcrit:4.453904e-03 (10^12 Msol/kpc^2)
Conversion Factor @ z = 0.530000, 1 arcsec == 6.293 kpc
Number of Clumps: 1
-------- Clump O1: Elliptical Singular Isothermal Sphere 
 vdisp:431.23(km/s) b0:5.3629
 rc:0.00(") 0.00(kpc)
 r_ct:1.5424 r_cr:0.0000
