runmode
	reference	3 29.603367 -0.66662884 29.603367 -0.666629
	image	1 multfile.in
	inverse	3 0.100000 2000
	end
image
	multfile	1 multfile.in
	forme		-1
	sigposArcsec		0.200000
	end
grille
	nombre		30
	polaire		0
	nlentille	1
	nlens_opt	1
	end
potentiel
0
	profil		1
	x_centre	0.000000
	y_centre	0.000000
	ellipticite	0.100000
	angle_pos	150.000000
	v_disp		500.000000
	z_lens		0.530000
	end
limit
0
	ellipticite	1 0.000000 5.000000 0.010000
	angle_pos	1 0.000000 3.141593 0.000175
	v_disp		1 100.000000 900.000000 0.010000
	end
cline
	nplan		1 1.000000 
	dmax		13.500000
	algorithm		MARCHINGSQUARES
	limitHigh		1.000000
	limitLow		0.100000
	end
grande
	iso	0 0 1.000000 0.000000 0.000000
	name	best
	profil	0 0
	contour	0 0
	large_dist	2.000000
	end
cosmologie
	model	1
	H0	70.000000
	omegaM	0.300000
	omegaX	0.700000
	omegaK	0.000000
	wX	-1.000000
	wa	0.000000
	kcourb	0.000000
	end
cosmolimit
	omegaM	0 0.000000 0.000000
	omegaX	0 0.000000 0.000000
	wX	0 0.000000 0.000000
	wa	0 0.000000 0.000000
	end
champ
	xmin	-20.000000
	xmax	20.000000
	ymin	-20.000000
	ymax	20.000000
	end
fini
For z_s = 0.8000  DLS/DS:0.2876
DLS:0.1040(lt) 445.41(Mpc) DOS:0.3616(lt) 1548.71(Mpc)
DOL:0.3031(lt) 1298.00(Mpc) DOL_lum:0.7095(lt) 3038.49(Mpc)
Mcrit:4.453904e-03 (10^12 Msol/kpc^2)
Conversion Factor @ z = 0.530000, 1 arcsec == 6.293 kpc
Number of Clumps: 1
-------- Clump O1: Elliptical Singular Isothermal Sphere 
 vdisp:500.00(km/s) b0:7.2100
 rc:0.00(") 0.00(kpc)
 r_ct:2.0736 r_cr:0.0000
