runmode
	reference	3 318.8635275 -0.6380758 318.863527 -0.638076
	image	1 multfile.in
	inverse	3 0.100000 2000
	end
image
	multfile	1 multfile.in
	forme		-1
	sigposArcsec		0.200000
	end
grille
	nombre		30
	polaire		0
	nlentille	1
	nlens_opt	1
	end
potentiel
0
	profil		1
	x_centre	0.039606
	y_centre	-0.166989
	ellipticite	0.100000
	angle_pos	53.816554
	v_disp		547.009422
	z_lens		0.590000
	end
limit
0
	x_centre	3 -0.025260 0.025260 0.010000
	y_centre	3 -0.125495 0.125495 0.010000
	ellipticite	1 0.000000 1.000000 0.000000
	angle_pos	1 0.000000 1.745329 0.001745
	v_disp		1 300.000000 500.000000 0.010000
	end
cline
	nplan		1 1.000000 
	dmax		13.500000
	algorithm		MARCHINGSQUARES
	limitHigh		1.000000
	limitLow		0.100000
	end
grande
	iso	0 0 1.000000 0.000000 0.000000
	name	best
	profil	0 0
	contour	0 0
	large_dist	2.000000
	end
cosmologie
	model	1
	H0	70.000000
	omegaM	0.300000
	omegaX	0.700000
	omegaK	0.000000
	wX	-1.000000
	wa	0.000000
	kcourb	0.000000
	end
cosmolimit
	omegaM	0 0.000000 0.000000
	omegaX	0 0.000000 0.000000
	wX	0 0.000000 0.000000
	wa	0 0.000000 0.000000
	end
champ
	xmin	-20.000000
	xmax	20.000000
	ymin	-20.000000
	ymax	20.000000
	end
fini
For z_s = 0.8000  DLS/DS:0.2196
DLS:0.0794(lt) 340.13(Mpc) DOS:0.3616(lt) 1548.71(Mpc)
DOL:0.3195(lt) 1368.20(Mpc) DOL_lum:0.8076(lt) 3458.95(Mpc)
Mcrit:5.533240e-03 (10^12 Msol/kpc^2)
Conversion Factor @ z = 0.590000, 1 arcsec == 6.633 kpc
Number of Clumps: 1
-------- Clump O1: Elliptical Singular Isothermal Sphere 
 vdisp:547.01(km/s) b0:8.6294
 rc:0.00(") 0.00(kpc)
 r_ct:1.8952 r_cr:0.0000
